<?xml version="1.0" encoding="UTF-8"?>
<testsuite xmlns:xsi="http://www.w3.org/2001/XMLSchema-instance" xsi:noNamespaceSchemaLocation="https://maven.apache.org/surefire/maven-surefire-plugin/xsd/surefire-test-report-3.0.xsd" version="3.0" name="com.levelUp360.eCommerce.ECommerceApplicationTests" time="10.017" tests="1" errors="0" skipped="0" failures="0">
  <properties>
[...]
</properties>
  <testcase name="contextLoads" classname="com.levelUp360.eCommerce.ECommerceApplicationTests" time="1.502">
    <system-out><![CDATA[12:52:59.690 [main] INFO org.springframework.test.context.support.AnnotationConfigContextLoaderUtils -- Could not detect default configuration classes for test class [com.levelUp360.eCommerce.ECommerceApplicationTests]: ECommerceApplicationTests does not declare any static, non-private, non-final, nested classes annotated with @Configuration.
12:52:59.816 [main] INFO org.springframework.boot.test.context.SpringBootTestContextBootstrapper -- Found @SpringBootConfiguration com.levelUp360.eCommerce.ECommerceApplication for test class com.levelUp360.eCommerce.ECommerceApplicationTests

  .   ____          _            __ _ _
 /\\ / ___'_ __ _ _(_)_ __  __ _ \ \ \ \
( ( )\___ | '_ | '_| | '_ \/ _` | \ \ \ \
 \\/  ___)| |_)| | | | | || (_| |  ) ) ) )
  '  |____| .__|_| |_|_| |_\__, | / / / /
 =========|_|==============|___/=/_/_/_/
 :: Spring Boot ::                (v3.2.8)

2025-02-09T12:53:00.436+05:30  INFO 13288 --- [eCommerce] [           main] c.l.eCommerce.ECommerceApplicationTests  : Starting ECommerceApplicationTests using Java 17.0.12 with PID 13288 (started by ASUS in D:\E-Commerce\Java-E-Commerce-Angular)
2025-02-09T12:53:00.438+05:30  INFO 13288 --- [eCommerce] [           main] c.l.eCommerce.ECommerceApplicationTests  : No active profile set, falling back to 1 default profile: "default"
2025-02-09T12:53:01.771+05:30  INFO 13288 --- [eCommerce] [           main] .s.d.r.c.RepositoryConfigurationDelegate : Bootstrapping Spring Data JPA repositories in DEFAULT mode.
2025-02-09T12:53:01.943+05:30  INFO 13288 --- [eCommerce] [           main] .s.d.r.c.RepositoryConfigurationDelegate : Finished Spring Data repository scanning in 158 ms. Found 5 JPA repository interfaces.
2025-02-09T12:53:02.657+05:30  INFO 13288 --- [eCommerce] [           main] o.hibernate.jpa.internal.util.LogHelper  : HHH000204: Processing PersistenceUnitInfo [name: default]
2025-02-09T12:53:03.059+05:30  INFO 13288 --- [eCommerce] [           main] org.hibernate.Version                    : HHH000412: Hibernate ORM core version 6.4.9.Final
2025-02-09T12:53:03.150+05:30  INFO 13288 --- [eCommerce] [           main] o.h.c.internal.RegionFactoryInitiator    : HHH000026: Second-level cache disabled
2025-02-09T12:53:03.612+05:30  INFO 13288 --- [eCommerce] [           main] o.s.o.j.p.SpringPersistenceUnitInfo      : No LoadTimeWeaver setup: ignoring JPA class transformer
2025-02-09T12:53:03.648+05:30  INFO 13288 --- [eCommerce] [           main] com.zaxxer.hikari.HikariDataSource       : HikariPool-1 - Starting...
2025-02-09T12:53:03.934+05:30  INFO 13288 --- [eCommerce] [           main] com.zaxxer.hikari.pool.HikariPool        : HikariPool-1 - Added connection com.mysql.jdbc.JDBC4Connection@22da200e
2025-02-09T12:53:03.937+05:30  INFO 13288 --- [eCommerce] [           main] com.zaxxer.hikari.HikariDataSource       : HikariPool-1 - Start completed.
2025-02-09T12:53:03.964+05:30  WARN 13288 --- [eCommerce] [           main] org.hibernate.dialect.Dialect            : HHH000511: The 5.5.30 version for [org.hibernate.dialect.MySQLDialect] is no longer supported, hence certain features may not work properly. The minimum supported version is 8.0.0. Check the community dialects project for available legacy versions.
2025-02-09T12:53:03.969+05:30  WARN 13288 --- [eCommerce] [           main] org.hibernate.orm.deprecation            : HHH90000025: MySQLDialect does not need to be specified explicitly using 'hibernate.dialect' (remove the property setting and it will be selected by default)
2025-02-09T12:53:05.527+05:30  INFO 13288 --- [eCommerce] [           main] o.h.e.t.j.p.i.JtaPlatformInitiator       : HHH000489: No JTA platform available (set 'hibernate.transaction.jta.platform' to enable JTA platform integration)
2025-02-09T12:53:05.749+05:30  INFO 13288 --- [eCommerce] [           main] j.LocalContainerEntityManagerFactoryBean : Initialized JPA EntityManagerFactory for persistence unit 'default'
Hibernate: select u1_0.id,u1_0.email,u1_0.img,u1_0.name,u1_0.password,u1_0.role from users u1_0 where u1_0.role=?
2025-02-09T12:53:06.838+05:30  WARN 13288 --- [eCommerce] [           main] JpaBaseConfiguration$JpaWebConfiguration : spring.jpa.open-in-view is enabled by default. Therefore, database queries may be performed during view rendering. Explicitly configure spring.jpa.open-in-view to disable this warning
2025-02-09T12:53:07.365+05:30  INFO 13288 --- [eCommerce] [           main] o.s.s.web.DefaultSecurityFilterChain     : Will secure any request with [org.springframework.security.web.session.DisableEncodeUrlFilter@15d68a50, org.springframework.security.web.context.request.async.WebAsyncManagerIntegrationFilter@a1689e8, org.springframework.security.web.context.SecurityContextHolderFilter@41271320, org.springframework.security.web.header.HeaderWriterFilter@3c39c739, org.springframework.web.filter.CorsFilter@4bb644dc, org.springframework.security.web.authentication.logout.LogoutFilter@21f9a305, com.levelUp360.eCommerce.filters.JwtRequestFilter@2148b47e, org.springframework.security.web.authentication.www.BasicAuthenticationFilter@762d2e4c, org.springframework.security.web.savedrequest.RequestCacheAwareFilter@69a031a4, org.springframework.security.web.servletapi.SecurityContextHolderAwareRequestFilter@580c4c0b, org.springframework.security.web.authentication.AnonymousAuthenticationFilter@23b3afb4, org.springframework.security.web.session.SessionManagementFilter@57859e2c, org.springframework.security.web.access.ExceptionTranslationFilter@56b66cc6, org.springframework.security.web.access.intercept.AuthorizationFilter@7f6936cc]
2025-02-09T12:53:07.932+05:30  INFO 13288 --- [eCommerce] [           main] c.l.eCommerce.ECommerceApplicationTests  : Started ECommerceApplicationTests in 7.833 seconds (process running for 9.322)
]]></system-out>
  </testcase>
</testsuite>